<?xml version="1.0" encoding="UTF-8"?>
<testsuite name="testing.ConcatenatedWordsTest" tests="6" skipped="0" failures="0" errors="0" timestamp="2017-11-05T23:44:50" hostname="Anvym6" time="0.021">
  <properties/>
  <testcase name="freeTrieTest" classname="testing.ConcatenatedWordsTest" time="0.009"/>
  <testcase name="getFirstLongestConcatenatedWordTest" classname="testing.ConcatenatedWordsTest" time="0.002"/>
  <testcase name="checkForConcatenationTrieTest" classname="testing.ConcatenatedWordsTest" time="0.001"/>
  <testcase name="getNumberOfConcatenatedWordsTest" classname="testing.ConcatenatedWordsTest" time="0.001"/>
  <testcase name="getSecondLongestConcatenatedWordTest" classname="testing.ConcatenatedWordsTest" time="0.001"/>
  <testcase name="findConcatenatedWordsTrieTest" classname="testing.ConcatenatedWordsTest" time="0.003"/>
  <system-out><![CDATA[]]></system-out>
  <system-err><![CDATA[]]></system-err>
</testsuite>
