<?xml version="1.0" encoding="UTF-8"?>
<testsuite name="testing.ConcatenatedWordsHashSetTest" tests="3" skipped="0" failures="0" errors="0" timestamp="2017-11-05T23:44:50" hostname="Anvym6" time="0.039">
  <properties/>
  <testcase name="findConcatenatedWordsHashSetTest" classname="testing.ConcatenatedWordsHashSetTest" time="0.035"/>
  <testcase name="freeHashSetTest" classname="testing.ConcatenatedWordsHashSetTest" time="0.001"/>
  <testcase name="checkForConcatenationHashSetTest" classname="testing.ConcatenatedWordsHashSetTest" time="0.0"/>
  <system-out><![CDATA[]]></system-out>
  <system-err><![CDATA[]]></system-err>
</testsuite>
